d:\c++master\cpp-library\socketserver\modularmudserver\x64\debug\vc143.pdb
d:\c++master\cpp-library\socketserver\modularmudserver\x64\debug\vc143.idb
d:\c++master\cpp-library\socketserver\modularmudserver\x64\debug\pickupitemintentcomponent.obj
d:\c++master\cpp-library\socketserver\modularmudserver\x64\debug\networksyncsystem.obj
d:\c++master\cpp-library\socketserver\modularmudserver\x64\debug\movementsystem.obj
d:\c++master\cpp-library\socketserver\modularmudserver\x64\debug\menumanager.obj
d:\c++master\cpp-library\socketserver\modularmudserver\x64\debug\main.obj
d:\c++master\cpp-library\socketserver\modularmudserver\x64\debug\inventorysystem.obj
d:\c++master\cpp-library\socketserver\modularmudserver\x64\debug\interactionsystem.obj
d:\c++master\cpp-library\socketserver\modularmudserver\x64\debug\gamestate.obj
d:\c++master\cpp-library\socketserver\modularmudserver\x64\debug\gameengine.obj
d:\c++master\cpp-library\socketserver\modularmudserver\x64\debug\entity.obj
d:\c++master\cpp-library\socketserver\modularmudserver\x64\debug\dirtyflagcomponents.obj
d:\c++master\cpp-library\socketserver\modularmudserver\x64\debug\dialoguecomponent.obj
d:\c++master\cpp-library\socketserver\modularmudserver\x64\debug\commandinterpreter.obj
d:\c++master\cpp-library\socketserver\modularmudserver\x64\debug\command.obj
d:\c++master\cpp-library\socketserver\modularmudserver\x64\debug\combatsystem.obj
d:\c++master\cpp-library\socketserver\modularmudserver\x64\debug\clientconnection.obj
d:\c++master\cpp-library\socketserver\modularmudserver\x64\debug\cleanupsystem.obj
d:\c++master\cpp-library\socketserver\modularmudserver\x64\debug\messagesystem.obj
d:\c++master\cpp-library\socketserver\modularmudserver\x64\debug\behaviorsystem.obj
d:\c++master\cpp-library\socketserver\modularmudserver\x64\debug\attackintentcomponent.obj
d:\c++master\cpp-library\socketserver\modularmudserver\x64\debug\worldmanager.obj
d:\c++master\cpp-library\socketserver\modularmudserver\x64\debug\world.obj
d:\c++master\cpp-library\socketserver\modularmudserver\x64\debug\weaponcomponent.obj
d:\c++master\cpp-library\socketserver\modularmudserver\x64\debug\updatesystem.obj
d:\c++master\cpp-library\socketserver\modularmudserver\x64\debug\texthelperfunctions.obj
d:\c++master\cpp-library\socketserver\modularmudserver\x64\debug\terraindef.obj
d:\c++master\cpp-library\socketserver\modularmudserver\x64\debug\sqlitedatabase.obj
d:\c++master\cpp-library\socketserver\modularmudserver\x64\debug\skillsystem.obj
d:\c++master\cpp-library\socketserver\modularmudserver\x64\debug\skilldefintioncomponent.obj
d:\c++master\cpp-library\socketserver\modularmudserver\x64\debug\server.obj
d:\c++master\cpp-library\socketserver\modularmudserver\x64\debug\scriptmanager.obj
d:\c++master\cpp-library\socketserver\modularmudserver\x64\debug\savesystem.obj
d:\c++master\cpp-library\socketserver\modularmudserver\x64\debug\room.obj
d:\c++master\cpp-library\socketserver\modularmudserver\x64\debug\registry.obj
d:\c++master\cpp-library\socketserver\modularmudserver\x64\debug\playerfactory.obj
d:\c++master\cpp-library\socketserver\modularmudserver\x64\debug\interactablefactory.obj
d:\c++master\cpp-library\socketserver\x64\debug\modularmudserver.exe
d:\c++master\cpp-library\socketserver\x64\debug\modularmudserver.pdb
d:\c++master\cpp-library\socketserver\x64\debug\lua.dll
d:\c++master\cpp-library\socketserver\x64\debug\sqlite3.dll
d:\c++master\cpp-library\socketserver\modularmudserver\x64\debug\modularmudserver.ilk
d:\c++master\cpp-library\socketserver\modularmudserver\x64\debug\modularmudserver.tlog\cl.command.1.tlog
d:\c++master\cpp-library\socketserver\modularmudserver\x64\debug\modularmudserver.tlog\cl.items.tlog
d:\c++master\cpp-library\socketserver\modularmudserver\x64\debug\modularmudserver.tlog\cl.read.1.tlog
d:\c++master\cpp-library\socketserver\modularmudserver\x64\debug\modularmudserver.tlog\cl.write.1.tlog
d:\c++master\cpp-library\socketserver\modularmudserver\x64\debug\modularmudserver.tlog\link.command.1.tlog
d:\c++master\cpp-library\socketserver\modularmudserver\x64\debug\modularmudserver.tlog\link.read.1.tlog
d:\c++master\cpp-library\socketserver\modularmudserver\x64\debug\modularmudserver.tlog\link.secondary.1.tlog
d:\c++master\cpp-library\socketserver\modularmudserver\x64\debug\modularmudserver.tlog\link.write.1.tlog
d:\c++master\cpp-library\socketserver\modularmudserver\x64\debug\modularmudserver.tlog\modularmudserver.write.1u.tlog
